#
# There is insufficient memory for the Java Runtime Environment to continue.
# Native memory allocation (mmap) failed to map 65536 bytes for Failed to commit metaspace.
# Possible reasons:
#   The system is out of physical RAM or swap space
#   The process is running with CompressedOops enabled, and the Java Heap may be blocking the growth of the native heap
# Possible solutions:
#   Reduce memory load on the system
#   Increase physical memory or swap space
#   Check if swap backing store is full
#   Decrease Java heap size (-Xmx/-Xms)
#   Decrease number of Java threads
#   Decrease Java thread stack sizes (-Xss)
#   Set larger code cache with -XX:ReservedCodeCacheSize=
#   JVM is running with Zero Based Compressed Oops mode in which the Java heap is
#     placed in the first 32GB address space. The Java Heap base address is the
#     maximum limit for the native heap growth. Please use -XX:HeapBaseMinAddress
#     to set the Java Heap base and to place the Java Heap above 32GB virtual address.
# This output file may be truncated or incomplete.
#
#  Out of Memory Error (virtualSpaceNode.cpp:110), pid=127512, tid=181336
#
# JRE version: OpenJDK Runtime Environment Temurin-17.0.3+7 (17.0.3+7) (build 17.0.3+7)
# Java VM: OpenJDK 64-Bit Server VM Temurin-17.0.3+7 (17.0.3+7, mixed mode, emulated-client, tiered, compressed oops, compressed class ptrs, g1 gc, windows-amd64)
# No core dump will be written. Minidumps are not enabled by default on client versions of Windows
#

---------------  S U M M A R Y ------------

Command Line: -Dcom.sun.management.jmxremote -Dcom.sun.management.jmxremote.port=58581 -Dcom.sun.management.jmxremote.authenticate=false -Dcom.sun.management.jmxremote.ssl=false -Djava.rmi.server.hostname=localhost -Dspring.jmx.enabled=true -Dspring.application.admin.enabled=true -XX:TieredStopAtLevel=1 -Dspring.boot.project.name=BackEnd -Dfile.encoding=UTF-8 -XX:+ShowCodeDetailsInExceptionMessages com.a2m.gen.BankJavaApplication --spring.output.ansi.enabled=always

Host: Intel(R) Core(TM) i7-8700 CPU @ 3.20GHz, 12 cores, 15G,  Windows 10 , 64 bit Build 19041 (10.0.19041.1889)
Time: Fri Aug 26 17:00:46 2022 SE Asia Standard Time elapsed time: 4.665138 seconds (0d 0h 0m 4s)

---------------  T H R E A D  ---------------

Current thread (0x000001ec10516e00):  JavaThread "task-1" [_thread_in_vm, id=181336, stack(0x0000009347e00000,0x0000009347f00000)]

Stack: [0x0000009347e00000,0x0000009347f00000]
Native frames: (J=compiled Java code, j=interpreted, Vv=VM code, C=native code)
V  [jvm.dll+0x675efa]
V  [jvm.dll+0x830a24]
V  [jvm.dll+0x8321ce]
V  [jvm.dll+0x832833]
V  [jvm.dll+0x2454b5]
V  [jvm.dll+0x82c9cb]
V  [jvm.dll+0x61ab26]
V  [jvm.dll+0x1c046e]
V  [jvm.dll+0x61d471]
V  [jvm.dll+0x61b4c6]
V  [jvm.dll+0x239a1f]
V  [jvm.dll+0x6252d5]
V  [jvm.dll+0x1ea19b]
V  [jvm.dll+0x1ea6d5]
V  [jvm.dll+0x1eb10f]
V  [jvm.dll+0x1e05b1]
V  [jvm.dll+0x53bb80]
V  [jvm.dll+0x7aba28]
V  [jvm.dll+0x7abb14]
V  [jvm.dll+0x40c7c5]
V  [jvm.dll+0x4129b8]
C  [java.dll+0x17ec]

Java frames: (J=compiled Java code, j=interpreted, Vv=VM code)
J 1210  java.lang.ClassLoader.defineClass1(Ljava/lang/ClassLoader;Ljava/lang/String;[BIILjava/security/ProtectionDomain;Ljava/lang/String;)Ljava/lang/Class; java.base@17.0.3 (0 bytes) @ 0x000001ec00472c63 [0x000001ec00472ba0+0x00000000000000c3]
J 1233 c1 java.lang.ClassLoader.defineClass(Ljava/lang/String;[BIILjava/security/ProtectionDomain;)Ljava/lang/Class; java.base@17.0.3 (43 bytes) @ 0x000001ec0047e86c [0x000001ec0047e760+0x000000000000010c]
J 1239 c1 jdk.internal.loader.BuiltinClassLoader.defineClass(Ljava/lang/String;Ljdk/internal/loader/Resource;)Ljava/lang/Class; java.base@17.0.3 (121 bytes) @ 0x000001ec004831f4 [0x000001ec00482d20+0x00000000000004d4]
J 1211 c1 jdk.internal.loader.BuiltinClassLoader.findClassOnClassPathOrNull(Ljava/lang/String;)Ljava/lang/Class; java.base@17.0.3 (64 bytes) @ 0x000001ec004760c4 [0x000001ec00475e00+0x00000000000002c4]
J 992 c1 jdk.internal.loader.BuiltinClassLoader.loadClassOrNull(Ljava/lang/String;Z)Ljava/lang/Class; java.base@17.0.3 (143 bytes) @ 0x000001ec00417204 [0x000001ec00416d80+0x0000000000000484]
J 1151 c1 jdk.internal.loader.ClassLoaders$AppClassLoader.loadClass(Ljava/lang/String;Z)Ljava/lang/Class; java.base@17.0.3 (40 bytes) @ 0x000001ec0045d0ac [0x000001ec0045cf60+0x000000000000014c]
J 1147 c1 java.lang.ClassLoader.loadClass(Ljava/lang/String;)Ljava/lang/Class; java.base@17.0.3 (7 bytes) @ 0x000001ec0045b3e4 [0x000001ec0045b3a0+0x0000000000000044]
v  ~StubRoutines::call_stub
j  org.hibernate.metamodel.internal.MetamodelImpl.initialize(Lorg/hibernate/boot/spi/MetadataImplementor;Lorg/hibernate/metamodel/internal/JpaMetaModelPopulationSetting;)V+774
j  org.hibernate.internal.SessionFactoryImpl.<init>(Lorg/hibernate/boot/spi/MetadataImplementor;Lorg/hibernate/boot/spi/SessionFactoryOptions;Lorg/hibernate/engine/query/spi/QueryPlanCache$QueryPlanCreator;)V+662
j  org.hibernate.boot.internal.SessionFactoryBuilderImpl.build()Lorg/hibernate/SessionFactory;+73
j  org.hibernate.jpa.boot.internal.EntityManagerFactoryBuilderImpl.build()Ljavax/persistence/EntityManagerFactory;+20
j  org.springframework.orm.jpa.vendor.SpringHibernateJpaPersistenceProvider.createContainerEntityManagerFactory(Ljavax/persistence/spi/PersistenceUnitInfo;Ljava/util/Map;)Ljavax/persistence/EntityManagerFactory;+55
j  org.springframework.orm.jpa.LocalContainerEntityManagerFactoryBean.createNativeEntityManagerFactory()Ljavax/persistence/EntityManagerFactory;+129
j  org.springframework.orm.jpa.AbstractEntityManagerFactoryBean.buildNativeEntityManagerFactory()Ljavax/persistence/EntityManagerFactory;+1
j  org.springframework.orm.jpa.AbstractEntityManagerFactoryBean$$Lambda$810+0x00000008005cc090.call()Ljava/lang/Object;+4
j  java.util.concurrent.FutureTask.run()V+39 java.base@17.0.3
j  java.util.concurrent.ThreadPoolExecutor.runWorker(Ljava/util/concurrent/ThreadPoolExecutor$Worker;)V+92 java.base@17.0.3
j  java.util.concurrent.ThreadPoolExecutor$Worker.run()V+5 java.base@17.0.3
j  java.lang.Thread.run()V+11 java.base@17.0.3
v  ~StubRoutines::call_stub

---------------  P R O C E S S  ---------------

Threads class SMR info:
_java_thread_list=0x000001ec104db4a0, length=29, elements={
0x000001ec7910e170, 0x000001ec0ec73620, 0x000001ec0ec35a90, 0x000001ec0ec3c1b0,
0x000001ec0ec60420, 0x000001ec0ec7c360, 0x000001ec0ec7cc20, 0x000001ec0ec94010,
0x000001ec0ec95920, 0x000001ec0ed68070, 0x000001ec0ed687c0, 0x000001ec0e03fd50,
0x000001ec0edba860, 0x000001ec0ee96600, 0x000001ec0f70fe20, 0x000001ec0f722e10,
0x000001ec0f728050, 0x000001ec104422f0, 0x000001ec1047b040, 0x000001ec1047a760,
0x000001ec104c5810, 0x000001ec10516460, 0x000001ec105155f0, 0x000001ec10518140,
0x000001ec10515ac0, 0x000001ec10515f90, 0x000001ec10516930, 0x000001ec10516e00,
0x000001ec10515120
}

Java Threads: ( => current thread )
  0x000001ec7910e170 JavaThread "main" [_thread_blocked, id=167908, stack(0x0000009344f00000,0x0000009345000000)]
  0x000001ec0ec73620 JavaThread "Reference Handler" daemon [_thread_blocked, id=180868, stack(0x0000009345600000,0x0000009345700000)]
  0x000001ec0ec35a90 JavaThread "Finalizer" daemon [_thread_blocked, id=179872, stack(0x0000009345700000,0x0000009345800000)]
  0x000001ec0ec3c1b0 JavaThread "Signal Dispatcher" daemon [_thread_blocked, id=179460, stack(0x0000009345800000,0x0000009345900000)]
  0x000001ec0ec60420 JavaThread "Attach Listener" daemon [_thread_blocked, id=180428, stack(0x0000009345900000,0x0000009345a00000)]
  0x000001ec0ec7c360 JavaThread "Service Thread" daemon [_thread_blocked, id=180248, stack(0x0000009345a00000,0x0000009345b00000)]
  0x000001ec0ec7cc20 JavaThread "Monitor Deflation Thread" daemon [_thread_blocked, id=178020, stack(0x0000009345b00000,0x0000009345c00000)]
  0x000001ec0ec94010 JavaThread "C1 CompilerThread0" daemon [_thread_blocked, id=164640, stack(0x0000009345c00000,0x0000009345d00000)]
  0x000001ec0ec95920 JavaThread "Sweeper thread" daemon [_thread_blocked, id=180568, stack(0x0000009345d00000,0x0000009345e00000)]
  0x000001ec0ed68070 JavaThread "Common-Cleaner" daemon [_thread_blocked, id=180168, stack(0x0000009345e00000,0x0000009345f00000)]
  0x000001ec0ed687c0 JavaThread "C1 CompilerThread1" daemon [_thread_blocked, id=177000, stack(0x0000009345f00000,0x0000009346000000)]
  0x000001ec0e03fd50 JavaThread "C1 CompilerThread2" daemon [_thread_blocked, id=165644, stack(0x0000009346000000,0x0000009346100000)]
  0x000001ec0edba860 JavaThread "C1 CompilerThread3" daemon [_thread_blocked, id=177680, stack(0x0000009346100000,0x0000009346200000)]
  0x000001ec0ee96600 JavaThread "Notification Thread" daemon [_thread_blocked, id=180792, stack(0x0000009346200000,0x0000009346300000)]
  0x000001ec0f70fe20 JavaThread "RMI TCP Accept-0" daemon [_thread_in_native, id=180736, stack(0x0000009346300000,0x0000009346400000)]
  0x000001ec0f722e10 JavaThread "RMI TCP Accept-58581" daemon [_thread_in_native, id=181208, stack(0x0000009346400000,0x0000009346500000)]
  0x000001ec0f728050 JavaThread "RMI TCP Accept-0" daemon [_thread_in_native, id=181100, stack(0x0000009346500000,0x0000009346600000)]
  0x000001ec104422f0 JavaThread "RMI TCP Connection(1)-127.0.0.1" daemon [_thread_in_native, id=180528, stack(0x0000009346700000,0x0000009346800000)]
  0x000001ec1047b040 JavaThread "RMI Scheduler(0)" daemon [_thread_blocked, id=180236, stack(0x0000009346800000,0x0000009346900000)]
  0x000001ec1047a760 JavaThread "RMI TCP Connection(2)-127.0.0.1" daemon [_thread_in_native, id=9084, stack(0x0000009346900000,0x0000009346a00000)]
  0x000001ec104c5810 JavaThread "JMX server connection timeout 22" daemon [_thread_blocked, id=176260, stack(0x0000009347200000,0x0000009347300000)]
  0x000001ec10516460 JavaThread "Thread-0" [_thread_blocked, id=176440, stack(0x0000009347300000,0x0000009347400000)]
  0x000001ec105155f0 JavaThread "restartedMain" [_thread_blocked, id=177520, stack(0x0000009347400000,0x0000009347500000)]
  0x000001ec10518140 JavaThread "Catalina-utility-1" [_thread_blocked, id=181312, stack(0x0000009347500000,0x0000009347600000)]
  0x000001ec10515ac0 JavaThread "Catalina-utility-2" [_thread_blocked, id=181316, stack(0x0000009347a00000,0x0000009347b00000)]
  0x000001ec10515f90 JavaThread "container-0" [_thread_blocked, id=181320, stack(0x0000009347b00000,0x0000009347c00000)]
  0x000001ec10516930 JavaThread "HikariPool-1 housekeeper" daemon [_thread_blocked, id=181328, stack(0x0000009347d00000,0x0000009347e00000)]
=>0x000001ec10516e00 JavaThread "task-1" [_thread_in_vm, id=181336, stack(0x0000009347e00000,0x0000009347f00000)]
  0x000001ec10515120 JavaThread "HikariPool-1 connection adder" daemon [_thread_blocked, id=181340, stack(0x0000009347f00000,0x0000009348000000)]

Other Threads:
  0x000001ec0e059a30 VMThread "VM Thread" [stack: 0x0000009345500000,0x0000009345600000] [id=180260]
  0x000001ec0f5558f0 WatcherThread [stack: 0x0000009346600000,0x0000009346700000] [id=180336]
  0x000001ec7b2f3cf0 GCTaskThread "GC Thread#0" [stack: 0x0000009345000000,0x0000009345100000] [id=166208]
  0x000001ec104839d0 GCTaskThread "GC Thread#1" [stack: 0x0000009346a00000,0x0000009346b00000] [id=180364]
  0x000001ec10483c80 GCTaskThread "GC Thread#2" [stack: 0x0000009346b00000,0x0000009346c00000] [id=180832]
  0x000001ec10483f30 GCTaskThread "GC Thread#3" [stack: 0x0000009346c00000,0x0000009346d00000] [id=70384]
  0x000001ec10484c00 GCTaskThread "GC Thread#4" [stack: 0x0000009346d00000,0x0000009346e00000] [id=168020]
  0x000001ec104956f0 GCTaskThread "GC Thread#5" [stack: 0x0000009346e00000,0x0000009346f00000] [id=159780]
  0x000001ec104be7c0 GCTaskThread "GC Thread#6" [stack: 0x0000009346f00000,0x0000009347000000] [id=92556]
  0x000001ec104bee80 GCTaskThread "GC Thread#7" [stack: 0x0000009347000000,0x0000009347100000] [id=178604]
  0x000001ec106ba2c0 GCTaskThread "GC Thread#8" [stack: 0x0000009347600000,0x0000009347700000] [id=181272]
  0x000001ec106eef60 GCTaskThread "GC Thread#9" [stack: 0x0000009347700000,0x0000009347800000] [id=181276]
  0x000001ec7b3057f0 ConcurrentGCThread "G1 Main Marker" [stack: 0x0000009345100000,0x0000009345200000] [id=177172]
  0x000001ec7b3067c0 ConcurrentGCThread "G1 Conc#0" [stack: 0x0000009345200000,0x0000009345300000] [id=175884]
  0x000001ec10710560 ConcurrentGCThread "G1 Conc#1" [stack: 0x0000009347800000,0x0000009347900000] [id=181280]
  0x000001ec106efe30 ConcurrentGCThread "G1 Conc#2" [stack: 0x0000009347900000,0x0000009347a00000] [id=181284]
  0x000001ec7b34dd90 ConcurrentGCThread "G1 Refine#0" [stack: 0x0000009345300000,0x0000009345400000] [id=56388]
  0x000001ec1047f520 ConcurrentGCThread "G1 Refine#1" [stack: 0x0000009347100000,0x0000009347200000] [id=141620]
  0x000001ec7b34e460 ConcurrentGCThread "G1 Service" [stack: 0x0000009345400000,0x0000009345500000] [id=180772]

Threads with active compile tasks:

VM state: not at safepoint (normal execution)

VM Mutex/Monitor currently owned by a thread:  ([mutex/lock_event])
[0x000001ec7910ba90] Metaspace_lock - owner thread: 0x000001ec10516e00

Heap address: 0x0000000702000000, size: 4064 MB, Compressed Oops mode: Zero based, Oop shift amount: 3

CDS archive(s) not mapped
Compressed class space mapped at: 0x0000000800000000-0x0000000840000000, reserved size: 1073741824
Narrow klass base: 0x0000000800000000, Narrow klass shift: 0, Narrow klass range: 0x40000000

GC Precious Log:
 CPUs: 12 total, 12 available
 Memory: 16254M
 Large Page Support: Disabled
 NUMA Support: Disabled
 Compressed Oops: Enabled (Zero based)
 Heap Region Size: 2M
 Heap Min Capacity: 8M
 Heap Initial Capacity: 254M
 Heap Max Capacity: 4064M
 Pre-touch: Disabled
 Parallel Workers: 10
 Concurrent Workers: 3
 Concurrent Refinement Workers: 10
 Periodic GC: Disabled

Heap:
 garbage-first heap   total 90112K, used 48159K [0x0000000702000000, 0x0000000800000000)
  region size 2048K, 13 young (26624K), 2 survivors (4096K)
 Metaspace       used 60450K, committed 60800K, reserved 1105920K
  class space    used 8218K, committed 8384K, reserved 1048576K

Heap Regions: E=young(eden), S=young(survivor), O=old, HS=humongous(starts), HC=humongous(continues), CS=collection set, F=free, OA=open archive, CA=closed archive, TAMS=top-at-mark-start (previous, next)
|   0|0x0000000702000000, 0x0000000702200000, 0x0000000702200000|100%| O|  |TAMS 0x0000000702200000, 0x0000000702000000| Untracked 
|   1|0x0000000702200000, 0x0000000702400000, 0x0000000702400000|100%| O|  |TAMS 0x0000000702400000, 0x0000000702200000| Untracked 
|   2|0x0000000702400000, 0x0000000702600000, 0x0000000702600000|100%| O|  |TAMS 0x0000000702600000, 0x0000000702400000| Untracked 
|   3|0x0000000702600000, 0x00000007027e1c00, 0x0000000702800000| 94%| O|  |TAMS 0x00000007027e1c00, 0x0000000702600000| Untracked 
|   4|0x0000000702800000, 0x0000000702a00000, 0x0000000702a00000|100%| O|  |TAMS 0x0000000702a00000, 0x0000000702800000| Untracked 
|   5|0x0000000702a00000, 0x0000000702c00000, 0x0000000702c00000|100%| O|  |TAMS 0x0000000702c00000, 0x0000000702a00000| Untracked 
|   6|0x0000000702c00000, 0x0000000702e00000, 0x0000000702e00000|100%| O|  |TAMS 0x0000000702c00000, 0x0000000702c00000| Untracked 
|   7|0x0000000702e00000, 0x0000000703000000, 0x0000000703000000|100%| O|  |TAMS 0x0000000703000000, 0x0000000702e00000| Untracked 
|   8|0x0000000703000000, 0x0000000703200000, 0x0000000703200000|100%| O|  |TAMS 0x0000000703200000, 0x0000000703000000| Untracked 
|   9|0x0000000703200000, 0x0000000703400000, 0x0000000703400000|100%| O|  |TAMS 0x0000000703400000, 0x0000000703200000| Untracked 
|  10|0x0000000703400000, 0x00000007035f6400, 0x0000000703600000| 98%| O|  |TAMS 0x00000007035f6400, 0x0000000703400000| Untracked 
|  11|0x0000000703600000, 0x0000000703800000, 0x0000000703800000|100%| O|  |TAMS 0x0000000703600000, 0x0000000703600000| Untracked 
|  12|0x0000000703800000, 0x0000000703800000, 0x0000000703a00000|  0%| F|  |TAMS 0x0000000703800000, 0x0000000703800000| Untracked 
|  13|0x0000000703a00000, 0x0000000703a00000, 0x0000000703c00000|  0%| F|  |TAMS 0x0000000703a00000, 0x0000000703a00000| Untracked 
|  14|0x0000000703c00000, 0x0000000703c00000, 0x0000000703e00000|  0%| F|  |TAMS 0x0000000703c00000, 0x0000000703c00000| Untracked 
|  15|0x0000000703e00000, 0x0000000703e00000, 0x0000000704000000|  0%| F|  |TAMS 0x0000000703e00000, 0x0000000703e00000| Untracked 
|  16|0x0000000704000000, 0x0000000704200000, 0x0000000704200000|100%| O|  |TAMS 0x0000000704000000, 0x0000000704000000| Untracked 
|  17|0x0000000704200000, 0x0000000704209600, 0x0000000704400000|  1%| O|  |TAMS 0x0000000704200000, 0x0000000704200000| Untracked 
|  18|0x0000000704400000, 0x0000000704400000, 0x0000000704600000|  0%| F|  |TAMS 0x0000000704400000, 0x0000000704400000| Untracked 
|  19|0x0000000704600000, 0x0000000704600000, 0x0000000704800000|  0%| F|  |TAMS 0x0000000704600000, 0x0000000704600000| Untracked 
|  20|0x0000000704800000, 0x0000000704800000, 0x0000000704a00000|  0%| F|  |TAMS 0x0000000704800000, 0x0000000704800000| Untracked 
|  21|0x0000000704a00000, 0x0000000704a00000, 0x0000000704c00000|  0%| F|  |TAMS 0x0000000704a00000, 0x0000000704a00000| Untracked 
|  22|0x0000000704c00000, 0x0000000704c00000, 0x0000000704e00000|  0%| F|  |TAMS 0x0000000704c00000, 0x0000000704c00000| Untracked 
|  23|0x0000000704e00000, 0x0000000704f26720, 0x0000000705000000| 57%| S|CS|TAMS 0x0000000704e00000, 0x0000000704e00000| Complete 
|  24|0x0000000705000000, 0x0000000705200000, 0x0000000705200000|100%| S|CS|TAMS 0x0000000705000000, 0x0000000705000000| Complete 
|  25|0x0000000705200000, 0x0000000705200000, 0x0000000705400000|  0%| F|  |TAMS 0x0000000705200000, 0x0000000705200000| Untracked 
|  26|0x0000000705400000, 0x0000000705400000, 0x0000000705600000|  0%| F|  |TAMS 0x0000000705400000, 0x0000000705400000| Untracked 
|  27|0x0000000705600000, 0x0000000705600000, 0x0000000705800000|  0%| F|  |TAMS 0x0000000705600000, 0x0000000705600000| Untracked 
|  28|0x0000000705800000, 0x0000000705800000, 0x0000000705a00000|  0%| F|  |TAMS 0x0000000705800000, 0x0000000705800000| Untracked 
|  29|0x0000000705a00000, 0x0000000705a00000, 0x0000000705c00000|  0%| F|  |TAMS 0x0000000705a00000, 0x0000000705a00000| Untracked 
|  30|0x0000000705c00000, 0x0000000705c00000, 0x0000000705e00000|  0%| F|  |TAMS 0x0000000705c00000, 0x0000000705c00000| Untracked 
|  31|0x0000000705e00000, 0x0000000705e00000, 0x0000000706000000|  0%| F|  |TAMS 0x0000000705e00000, 0x0000000705e00000| Untracked 
|  32|0x0000000706000000, 0x0000000706000000, 0x0000000706200000|  0%| F|  |TAMS 0x0000000706000000, 0x0000000706000000| Untracked 
|  33|0x0000000706200000, 0x000000070628aff0, 0x0000000706400000| 27%| E|  |TAMS 0x0000000706200000, 0x0000000706200000| Complete 
|  34|0x0000000706400000, 0x0000000706600000, 0x0000000706600000|100%| E|CS|TAMS 0x0000000706400000, 0x0000000706400000| Complete 
|  35|0x0000000706600000, 0x0000000706800000, 0x0000000706800000|100%| E|CS|TAMS 0x0000000706600000, 0x0000000706600000| Complete 
|  36|0x0000000706800000, 0x0000000706a00000, 0x0000000706a00000|100%| E|  |TAMS 0x0000000706800000, 0x0000000706800000| Complete 
|  37|0x0000000706a00000, 0x0000000706c00000, 0x0000000706c00000|100%| E|CS|TAMS 0x0000000706a00000, 0x0000000706a00000| Complete 
|  38|0x0000000706c00000, 0x0000000706e00000, 0x0000000706e00000|100%| E|CS|TAMS 0x0000000706c00000, 0x0000000706c00000| Complete 
|  39|0x0000000706e00000, 0x0000000707000000, 0x0000000707000000|100%| E|CS|TAMS 0x0000000706e00000, 0x0000000706e00000| Complete 
|  40|0x0000000707000000, 0x0000000707200000, 0x0000000707200000|100%| E|CS|TAMS 0x0000000707000000, 0x0000000707000000| Complete 
|  41|0x0000000707200000, 0x0000000707400000, 0x0000000707400000|100%| E|CS|TAMS 0x0000000707200000, 0x0000000707200000| Complete 
|  42|0x0000000707400000, 0x0000000707600000, 0x0000000707600000|100%| E|CS|TAMS 0x0000000707400000, 0x0000000707400000| Complete 
| 126|0x0000000711c00000, 0x0000000711e00000, 0x0000000711e00000|100%| E|CS|TAMS 0x0000000711c00000, 0x0000000711c00000| Complete 

Card table byte_map: [0x000001ec7f450000,0x000001ec7fc40000] _byte_map_base: 0x000001ec7bc40000

Marking Bits (Prev, Next): (CMBitMap*) 0x000001ec7b2f5100, (CMBitMap*) 0x000001ec7b2f50c0
 Prev Bits: [0x000001ec07770000, 0x000001ec0b6f0000)
 Next Bits: [0x000001ec037f0000, 0x000001ec07770000)

Polling page: 0x000001ec79000000

Metaspace:

Usage:
  Non-class:     51.01 MB used.
      Class:      8.03 MB used.
       Both:     59.03 MB used.

Virtual space:
  Non-class space:       56.00 MB reserved,      51.19 MB ( 91%) committed,  7 nodes.
      Class space:        1.00 GB reserved,       8.19 MB ( <1%) committed,  1 nodes.
             Both:        1.05 GB reserved,      59.38 MB (  5%) committed. 

Chunk freelists:
   Non-Class:  432.00 KB
       Class:  3.70 MB
        Both:  4.12 MB

MaxMetaspaceSize: unlimited
CompressedClassSpaceSize: 1.00 GB
Initial GC threshold: 21.00 MB
Current GC threshold: 72.81 MB
CDS: off
MetaspaceReclaimPolicy: balanced
 - commit_granule_bytes: 65536.
 - commit_granule_words: 8192.
 - virtual_space_node_default_size: 1048576.
 - enlarge_chunks_in_place: 1.
 - new_chunks_are_fully_committed: 0.
 - uncommit_free_chunks: 1.
 - use_allocation_guard: 0.
 - handle_deallocations: 1.


Internal statistics:

num_allocs_failed_limit: 11.
num_arena_births: 512.
num_arena_deaths: 0.
num_vsnodes_births: 8.
num_vsnodes_deaths: 0.
num_space_committed: 950.
num_space_uncommitted: 0.
num_chunks_returned_to_freelist: 11.
num_chunks_taken_from_freelist: 2429.
num_chunk_merges: 5.
num_chunk_splits: 1666.
num_chunks_enlarged: 1249.
num_purges: 0.
num_inconsistent_stats: 0.

CodeCache: size=49152Kb used=12549Kb max_used=12549Kb free=36602Kb
 bounds [0x000001ec00000000, 0x000001ec00c50000, 0x000001ec03000000]
 total_blobs=6608 nmethods=6016 adapters=516
 compilation: enabled
              stopped_count=0, restarted_count=0
 full_count=0

Compilation events (20 events):
Event: 4.648 Thread 0x000001ec0e03fd50 6004       1       org.hibernate.loader.PropertyPath::getParent (5 bytes)
Event: 4.648 Thread 0x000001ec0e03fd50 nmethod 6004 0x000001ec00c3ce90 code [0x000001ec00c3d020, 0x000001ec00c3d0f8]
Event: 4.649 Thread 0x000001ec0e03fd50 6005       1       org.hibernate.internal.util.StringHelper::replace (8 bytes)
Event: 4.649 Thread 0x000001ec0ec94010 6006       1       org.hibernate.internal.util.StringHelper::replace (9 bytes)
Event: 4.649 Thread 0x000001ec0ed687c0 6007       1       org.hibernate.internal.util.StringHelper::replace (148 bytes)
Event: 4.649 Thread 0x000001ec0edba860 6008       1       org.hibernate.sql.SelectFragment::addFormula (30 bytes)
Event: 4.649 Thread 0x000001ec0ec94010 nmethod 6006 0x000001ec00c3d190 code [0x000001ec00c3d320, 0x000001ec00c3d3e8]
Event: 4.649 Thread 0x000001ec0e03fd50 nmethod 6005 0x000001ec00c3d490 code [0x000001ec00c3d620, 0x000001ec00c3d6e8]
Event: 4.649 Thread 0x000001ec0edba860 nmethod 6008 0x000001ec00c3d790 code [0x000001ec00c3d940, 0x000001ec00c3dae8]
Event: 4.650 Thread 0x000001ec0ed687c0 nmethod 6007 0x000001ec00c3dc10 code [0x000001ec00c3de60, 0x000001ec00c3e4c8]
Event: 4.655 Thread 0x000001ec0edba860 6009       1       org.hibernate.loader.plan.build.internal.spaces.AbstractQuerySpace::getUid (5 bytes)
Event: 4.655 Thread 0x000001ec0edba860 nmethod 6009 0x000001ec00c3e910 code [0x000001ec00c3eaa0, 0x000001ec00c3eb78]
Event: 4.655 Thread 0x000001ec0edba860 6010   !   1       org.jboss.logging.Log4j2Logger::doLog (72 bytes)
Event: 4.655 Thread 0x000001ec0e03fd50 6011       1       org.hibernate.tuple.entity.EntityBasedAssociationAttribute::getType (8 bytes)
Event: 4.655 Thread 0x000001ec0e03fd50 nmethod 6011 0x000001ec00c3ec10 code [0x000001ec00c3eda0, 0x000001ec00c3eeb8]
Event: 4.656 Thread 0x000001ec0edba860 nmethod 6010 0x000001ec00c3ef90 code [0x000001ec00c3f1a0, 0x000001ec00c3f5d8]
Event: 4.658 Thread 0x000001ec0edba860 6012       1       org.hibernate.type.AbstractType::isAnyType (2 bytes)
Event: 4.659 Thread 0x000001ec0edba860 nmethod 6012 0x000001ec00c3f990 code [0x000001ec00c3fb20, 0x000001ec00c3fbf8]
Event: 4.659 Thread 0x000001ec0edba860 6013       1       org.hibernate.sql.Alias::toAliasString (61 bytes)
Event: 4.659 Thread 0x000001ec0edba860 nmethod 6013 0x000001ec00c3fc90 code [0x000001ec00c3fee0, 0x000001ec00c404c8]

GC Heap History (20 events):
Event: 1.093 GC heap before
{Heap before GC invocations=4 (full 0):
 garbage-first heap   total 49152K, used 33028K [0x0000000702000000, 0x0000000800000000)
  region size 2048K, 14 young (28672K), 2 survivors (4096K)
 Metaspace       used 25498K, committed 25792K, reserved 1073152K
  class space    used 3160K, committed 3328K, reserved 1048576K
}
Event: 1.096 GC heap after
{Heap after GC invocations=5 (full 0):
 garbage-first heap   total 49152K, used 11955K [0x0000000702000000, 0x0000000800000000)
  region size 2048K, 2 young (4096K), 2 survivors (4096K)
 Metaspace       used 25498K, committed 25792K, reserved 1073152K
  class space    used 3160K, committed 3328K, reserved 1048576K
}
Event: 1.245 GC heap before
{Heap before GC invocations=5 (full 0):
 garbage-first heap   total 49152K, used 30387K [0x0000000702000000, 0x0000000800000000)
  region size 2048K, 11 young (22528K), 2 survivors (4096K)
 Metaspace       used 28987K, committed 29248K, reserved 1081344K
  class space    used 3523K, committed 3648K, reserved 1048576K
}
Event: 1.247 GC heap after
{Heap after GC invocations=6 (full 0):
 garbage-first heap   total 49152K, used 12904K [0x0000000702000000, 0x0000000800000000)
  region size 2048K, 2 young (4096K), 2 survivors (4096K)
 Metaspace       used 28987K, committed 29248K, reserved 1081344K
  class space    used 3523K, committed 3648K, reserved 1048576K
}
Event: 1.402 GC heap before
{Heap before GC invocations=6 (full 0):
 garbage-first heap   total 49152K, used 31336K [0x0000000702000000, 0x0000000800000000)
  region size 2048K, 11 young (22528K), 2 survivors (4096K)
 Metaspace       used 30579K, committed 30912K, reserved 1081344K
  class space    used 3795K, committed 3968K, reserved 1048576K
}
Event: 1.404 GC heap after
{Heap after GC invocations=7 (full 0):
 garbage-first heap   total 49152K, used 14297K [0x0000000702000000, 0x0000000800000000)
  region size 2048K, 2 young (4096K), 2 survivors (4096K)
 Metaspace       used 30579K, committed 30912K, reserved 1081344K
  class space    used 3795K, committed 3968K, reserved 1048576K
}
Event: 1.589 GC heap before
{Heap before GC invocations=7 (full 0):
 garbage-first heap   total 49152K, used 30681K [0x0000000702000000, 0x0000000800000000)
  region size 2048K, 10 young (20480K), 2 survivors (4096K)
 Metaspace       used 32343K, committed 32704K, reserved 1081344K
  class space    used 4076K, committed 4224K, reserved 1048576K
}
Event: 1.593 GC heap after
{Heap after GC invocations=8 (full 0):
 garbage-first heap   total 155648K, used 15193K [0x0000000702000000, 0x0000000800000000)
  region size 2048K, 2 young (4096K), 2 survivors (4096K)
 Metaspace       used 32343K, committed 32704K, reserved 1081344K
  class space    used 4076K, committed 4224K, reserved 1048576K
}
Event: 1.909 GC heap before
{Heap before GC invocations=8 (full 0):
 garbage-first heap   total 155648K, used 37721K [0x0000000702000000, 0x0000000800000000)
  region size 2048K, 14 young (28672K), 2 survivors (4096K)
 Metaspace       used 35806K, committed 36160K, reserved 1081344K
  class space    used 4600K, committed 4800K, reserved 1048576K
}
Event: 1.913 GC heap after
{Heap after GC invocations=9 (full 0):
 garbage-first heap   total 155648K, used 17088K [0x0000000702000000, 0x0000000800000000)
  region size 2048K, 3 young (6144K), 3 survivors (6144K)
 Metaspace       used 35806K, committed 36160K, reserved 1081344K
  class space    used 4600K, committed 4800K, reserved 1048576K
}
Event: 2.337 GC heap before
{Heap before GC invocations=10 (full 0):
 garbage-first heap   total 75776K, used 56000K [0x0000000702000000, 0x0000000800000000)
  region size 2048K, 22 young (45056K), 3 survivors (6144K)
 Metaspace       used 40518K, committed 40896K, reserved 1089536K
  class space    used 5243K, committed 5440K, reserved 1048576K
}
Event: 2.343 GC heap after
{Heap after GC invocations=11 (full 0):
 garbage-first heap   total 75776K, used 20625K [0x0000000702000000, 0x0000000800000000)
  region size 2048K, 3 young (6144K), 3 survivors (6144K)
 Metaspace       used 40518K, committed 40896K, reserved 1089536K
  class space    used 5243K, committed 5440K, reserved 1048576K
}
Event: 2.364 GC heap before
{Heap before GC invocations=11 (full 0):
 garbage-first heap   total 75776K, used 22673K [0x0000000702000000, 0x0000000800000000)
  region size 2048K, 4 young (8192K), 3 survivors (6144K)
 Metaspace       used 40717K, committed 41088K, reserved 1089536K
  class space    used 5261K, committed 5440K, reserved 1048576K
}
Event: 2.368 GC heap after
{Heap after GC invocations=12 (full 0):
 garbage-first heap   total 75776K, used 21415K [0x0000000702000000, 0x0000000800000000)
  region size 2048K, 1 young (2048K), 1 survivors (2048K)
 Metaspace       used 40717K, committed 41088K, reserved 1089536K
  class space    used 5261K, committed 5440K, reserved 1048576K
}
Event: 2.731 GC heap before
{Heap before GC invocations=12 (full 0):
 garbage-first heap   total 75776K, used 52135K [0x0000000702000000, 0x0000000800000000)
  region size 2048K, 17 young (34816K), 1 survivors (2048K)
 Metaspace       used 44322K, committed 44672K, reserved 1089536K
  class space    used 5666K, committed 5824K, reserved 1048576K
}
Event: 2.734 GC heap after
{Heap after GC invocations=13 (full 0):
 garbage-first heap   total 120832K, used 22833K [0x0000000702000000, 0x0000000800000000)
  region size 2048K, 2 young (4096K), 2 survivors (4096K)
 Metaspace       used 44322K, committed 44672K, reserved 1089536K
  class space    used 5666K, committed 5824K, reserved 1048576K
}
Event: 3.133 GC heap before
{Heap before GC invocations=14 (full 0):
 garbage-first heap   total 90112K, used 71985K [0x0000000702000000, 0x0000000800000000)
  region size 2048K, 28 young (57344K), 2 survivors (4096K)
 Metaspace       used 52066K, committed 52416K, reserved 1097728K
  class space    used 6944K, committed 7104K, reserved 1048576K
}
Event: 3.138 GC heap after
{Heap after GC invocations=15 (full 0):
 garbage-first heap   total 90112K, used 26700K [0x0000000702000000, 0x0000000800000000)
  region size 2048K, 4 young (8192K), 4 survivors (8192K)
 Metaspace       used 52066K, committed 52416K, reserved 1097728K
  class space    used 6944K, committed 7104K, reserved 1048576K
}
Event: 4.096 GC heap before
{Heap before GC invocations=15 (full 0):
 garbage-first heap   total 90112K, used 63564K [0x0000000702000000, 0x0000000800000000)
  region size 2048K, 23 young (47104K), 4 survivors (8192K)
 Metaspace       used 58355K, committed 58752K, reserved 1105920K
  class space    used 7904K, committed 8064K, reserved 1048576K
}
Event: 4.104 GC heap after
{Heap after GC invocations=16 (full 0):
 garbage-first heap   total 90112K, used 29727K [0x0000000702000000, 0x0000000800000000)
  region size 2048K, 2 young (4096K), 2 survivors (4096K)
 Metaspace       used 58355K, committed 58752K, reserved 1105920K
  class space    used 7904K, committed 8064K, reserved 1048576K
}

Deoptimization events (14 events):
Event: 0.522 Thread 0x000001ec7910e170 DEOPT PACKING pc=0x000001ec00353981 sp=0x0000009344ffd9b0
Event: 0.522 Thread 0x000001ec7910e170 DEOPT UNPACKING pc=0x000001ec00052b43 sp=0x0000009344ffce08 mode 3
Event: 0.940 Thread 0x000001ec105155f0 DEOPT PACKING pc=0x000001ec005c12f9 sp=0x00000093474fcc80
Event: 0.940 Thread 0x000001ec105155f0 DEOPT UNPACKING pc=0x000001ec00052b43 sp=0x00000093474fc160 mode 3
Event: 1.588 Thread 0x000001ec105155f0 DEOPT PACKING pc=0x000001ec005d6e54 sp=0x00000093474fd040
Event: 1.588 Thread 0x000001ec105155f0 DEOPT UNPACKING pc=0x000001ec00052b43 sp=0x00000093474fc598 mode 0
Event: 1.807 Thread 0x000001ec105155f0 DEOPT PACKING pc=0x000001ec00827e81 sp=0x00000093474fd7f0
Event: 1.807 Thread 0x000001ec105155f0 DEOPT UNPACKING pc=0x000001ec00052b43 sp=0x00000093474fcc60 mode 3
Event: 2.457 Thread 0x000001ec105155f0 DEOPT PACKING pc=0x000001ec005b0162 sp=0x00000093474fc3c0
Event: 2.457 Thread 0x000001ec105155f0 DEOPT UNPACKING pc=0x000001ec00052b43 sp=0x00000093474fb8c8 mode 3
Event: 2.458 Thread 0x000001ec105155f0 DEOPT PACKING pc=0x000001ec005a5f65 sp=0x00000093474fc380
Event: 2.458 Thread 0x000001ec105155f0 DEOPT UNPACKING pc=0x000001ec00052b43 sp=0x00000093474fb8c8 mode 3
Event: 2.770 Thread 0x000001ec105155f0 DEOPT PACKING pc=0x000001ec00869b79 sp=0x00000093474fd380
Event: 2.770 Thread 0x000001ec105155f0 DEOPT UNPACKING pc=0x000001ec00052b43 sp=0x00000093474fc860 mode 3

Classes unloaded (0 events):
No events

Classes redefined (0 events):
No events

Internal exceptions (20 events):
Event: 3.248 Thread 0x000001ec105155f0 Exception <a 'java/lang/ClassNotFoundException'{0x00000007068bcc80}: java/lang/ObjectCustomizer> (0x00000007068bcc80) 
thrown [e:\jenkins\tmp\workspace\build\src\src\hotspot\share\classfile\systemDictionary.cpp, line 256]
Event: 3.249 Thread 0x000001ec105155f0 Exception <a 'java/lang/ClassNotFoundException'{0x00000007068c4778}: org/springframework/web/accept/ContentNegotiationManagerCustomizer> (0x00000007068c4778) 
thrown [e:\jenkins\tmp\workspace\build\src\src\hotspot\share\classfile\systemDictionary.cpp, line 256]
Event: 3.250 Thread 0x000001ec105155f0 Exception <a 'java/lang/ClassNotFoundException'{0x00000007068d5d00}: org/springframework/web/accept/ContentNegotiationStrategyCustomizer> (0x00000007068d5d00) 
thrown [e:\jenkins\tmp\workspace\build\src\src\hotspot\share\classfile\systemDictionary.cpp, line 256]
Event: 3.250 Thread 0x000001ec105155f0 Exception <a 'java/lang/ClassNotFoundException'{0x00000007068dbcf8}: org/springframework/web/accept/MediaTypeFileExtensionResolverCustomizer> (0x00000007068dbcf8) 
thrown [e:\jenkins\tmp\workspace\build\src\src\hotspot\share\classfile\systemDictionary.cpp, line 256]
Event: 3.259 Thread 0x000001ec105155f0 Exception <a 'java/lang/ClassNotFoundException'{0x000000070699de00}: java/lang/ObjectCustomizer> (0x000000070699de00) 
thrown [e:\jenkins\tmp\workspace\build\src\src\hotspot\share\classfile\systemDictionary.cpp, line 256]
Event: 3.259 Thread 0x000001ec105155f0 Exception <a 'java/lang/ClassNotFoundException'{0x00000007069a6ee0}: org/springframework/beans/factory/config/AbstractFactoryBeanCustomizer> (0x00000007069a6ee0) 
thrown [e:\jenkins\tmp\workspace\build\src\src\hotspot\share\classfile\systemDictionary.cpp, line 256]
Event: 3.260 Thread 0x000001ec105155f0 Exception <a 'java/lang/ClassNotFoundException'{0x00000007069b5090}: org/springframework/data/jpa/repository/config/JpaMetamodelMappingContextFactoryBeanCustomizer> (0x00000007069b5090) 
thrown [e:\jenkins\tmp\workspace\build\src\src\hotspot\share\classfile\systemDictionary.cpp, line 256]
Event: 3.261 Thread 0x000001ec105155f0 Exception <a 'java/lang/ClassNotFoundException'{0x00000007069c4fb0}: org/springframework/context/ApplicationContextAwareCustomizer> (0x00000007069c4fb0) 
thrown [e:\jenkins\tmp\workspace\build\src\src\hotspot\share\classfile\systemDictionary.cpp, line 256]
Event: 3.261 Thread 0x000001ec105155f0 Exception <a 'java/lang/ClassNotFoundException'{0x00000007069cbd38}: org/springframework/beans/factory/AwareCustomizer> (0x00000007069cbd38) 
thrown [e:\jenkins\tmp\workspace\build\src\src\hotspot\share\classfile\systemDictionary.cpp, line 256]
Event: 3.261 Thread 0x000001ec105155f0 Exception <a 'java/lang/ClassNotFoundException'{0x00000007069d1788}: org/springframework/beans/factory/FactoryBeanCustomizer> (0x00000007069d1788) 
thrown [e:\jenkins\tmp\workspace\build\src\src\hotspot\share\classfile\systemDictionary.cpp, line 256]
Event: 3.262 Thread 0x000001ec105155f0 Exception <a 'java/lang/ClassNotFoundException'{0x00000007069d9ce8}: org/springframework/beans/factory/BeanClassLoaderAwareCustomizer> (0x00000007069d9ce8) 
thrown [e:\jenkins\tmp\workspace\build\src\src\hotspot\share\classfile\systemDictionary.cpp, line 256]
Event: 3.262 Thread 0x000001ec105155f0 Exception <a 'java/lang/ClassNotFoundException'{0x00000007069e03d0}: org/springframework/beans/factory/AwareCustomizer> (0x00000007069e03d0) 
thrown [e:\jenkins\tmp\workspace\build\src\src\hotspot\share\classfile\systemDictionary.cpp, line 256]
Event: 3.263 Thread 0x000001ec105155f0 Exception <a 'java/lang/ClassNotFoundException'{0x00000007069e5e48}: org/springframework/beans/factory/BeanFactoryAwareCustomizer> (0x00000007069e5e48) 
thrown [e:\jenkins\tmp\workspace\build\src\src\hotspot\share\classfile\systemDictionary.cpp, line 256]
Event: 3.263 Thread 0x000001ec105155f0 Exception <a 'java/lang/ClassNotFoundException'{0x00000007069ecbd0}: org/springframework/beans/factory/AwareCustomizer> (0x00000007069ecbd0) 
thrown [e:\jenkins\tmp\workspace\build\src\src\hotspot\share\classfile\systemDictionary.cpp, line 256]
Event: 3.264 Thread 0x000001ec105155f0 Exception <a 'java/lang/ClassNotFoundException'{0x00000007069f2648}: org/springframework/beans/factory/InitializingBeanCustomizer> (0x00000007069f2648) 
thrown [e:\jenkins\tmp\workspace\build\src\src\hotspot\share\classfile\systemDictionary.cpp, line 256]
Event: 3.264 Thread 0x000001ec105155f0 Exception <a 'java/lang/ClassNotFoundException'{0x00000007069f8918}: org/springframework/beans/factory/DisposableBeanCustomizer> (0x00000007069f8918) 
thrown [e:\jenkins\tmp\workspace\build\src\src\hotspot\share\classfile\systemDictionary.cpp, line 256]
Event: 3.591 Thread 0x000001ec1047a760 Exception <a 'java/lang/reflect/InvocationTargetException'{0x00000007059e3978}> (0x00000007059e3978) 
thrown [e:\jenkins\tmp\workspace\build\src\src\hotspot\share\runtime\reflection.cpp, line 1121]
Event: 4.146 Thread 0x000001ec1047a760 Exception <a 'java/lang/reflect/InvocationTargetException'{0x0000000711cd2790}> (0x0000000711cd2790) 
thrown [e:\jenkins\tmp\workspace\build\src\src\hotspot\share\runtime\reflection.cpp, line 1121]
Event: 4.520 Thread 0x000001ec10516e00 Exception <a 'java/lang/NoSuchMethodError'{0x00000007066350d0}: 'void java.lang.invoke.DirectMethodHandle$Holder.invokeInterface(java.lang.Object, java.lang.Object)'> (0x00000007066350d0) 
thrown [e:\jenkins\tmp\workspace\build\src\src\hotspot\share\interpreter\linkResolver.cpp, line 766]
Event: 4.540 Thread 0x000001ec10516e00 Exception <a 'java/lang/NoSuchMethodError'{0x00000007066c06f8}: 'java.lang.Object java.lang.invoke.DirectMethodHandle$Holder.invokeStaticInit(java.lang.Object, java.lang.Object, java.lang.Object, java.lang.Object, int, int)'> (0x00000007066c06f8) 
thrown [e:\jenkins\tmp\workspace\build\src\src\hotspot\share\interpreter\linkResolver.cpp, line 766]

VM Operations (20 events):
Event: 2.720 Executing VM operation: G1CollectForAllocation
Event: 2.734 Executing VM operation: G1CollectForAllocation done
Event: 2.746 Executing VM operation: G1Concurrent
Event: 2.749 Executing VM operation: G1Concurrent done
Event: 2.749 Executing VM operation: G1Concurrent
Event: 2.749 Executing VM operation: G1Concurrent done
Event: 3.133 Executing VM operation: G1CollectForAllocation
Event: 3.138 Executing VM operation: G1CollectForAllocation done
Event: 3.247 Executing VM operation: HandshakeAllThreads
Event: 3.247 Executing VM operation: HandshakeAllThreads done
Event: 3.256 Executing VM operation: HandshakeAllThreads
Event: 3.256 Executing VM operation: HandshakeAllThreads done
Event: 3.294 Executing VM operation: HandshakeAllThreads
Event: 3.294 Executing VM operation: HandshakeAllThreads done
Event: 3.527 Executing VM operation: ICBufferFull
Event: 3.527 Executing VM operation: ICBufferFull done
Event: 4.096 Executing VM operation: G1CollectForAllocation
Event: 4.104 Executing VM operation: G1CollectForAllocation done
Event: 4.370 Executing VM operation: ICBufferFull
Event: 4.370 Executing VM operation: ICBufferFull done

Events (20 events):
Event: 3.985 loading class sun/nio/cs/Surrogate
Event: 3.985 loading class sun/nio/cs/Surrogate done
Event: 4.274 loading class java/nio/file/StandardCopyOption
Event: 4.274 loading class java/nio/file/StandardCopyOption done
Event: 4.275 loading class java/nio/file/FileVisitOption
Event: 4.275 loading class java/nio/file/FileVisitOption done
Event: 4.275 loading class java/nio/file/attribute/UserPrincipal
Event: 4.275 loading class java/nio/file/attribute/UserPrincipal done
Event: 4.275 loading class java/nio/file/FileVisitor
Event: 4.275 loading class java/nio/file/FileVisitor done
Event: 4.276 loading class java/nio/file/FileStore
Event: 4.276 loading class java/nio/file/FileStore done
Event: 4.563 loading class java/lang/InheritableThreadLocal
Event: 4.564 loading class java/lang/InheritableThreadLocal done
Event: 4.568 loading class java/io/StreamCorruptedException
Event: 4.568 loading class java/io/StreamCorruptedException done
Event: 4.568 loading class java/io/ObjectInputValidation
Event: 4.569 loading class java/io/ObjectInputValidation done
Event: 4.569 loading class java/io/NotActiveException
Event: 4.569 loading class java/io/NotActiveException done


Dynamic libraries:
0x00007ff623830000 - 0x00007ff62383e000 	C:\Users\ADMIN\Downloads\SpringToolSuite\sts-4.15.1.RELEASE\plugins\org.eclipse.justj.openjdk.hotspot.jre.full.win32.x86_64_17.0.3.v20220515-1416\jre\bin\javaw.exe
0x00007ffa684b0000 - 0x00007ffa686a8000 	C:\WINDOWS\SYSTEM32\ntdll.dll
0x00007ffa67550000 - 0x00007ffa6760d000 	C:\WINDOWS\System32\KERNEL32.DLL
0x00007ffa65bd0000 - 0x00007ffa65e9e000 	C:\WINDOWS\System32\KERNELBASE.dll
0x00007ffa65ef0000 - 0x00007ffa65ff0000 	C:\WINDOWS\System32\ucrtbase.dll
0x00007ff9ebad0000 - 0x00007ff9ebae8000 	C:\Users\ADMIN\Downloads\SpringToolSuite\sts-4.15.1.RELEASE\plugins\org.eclipse.justj.openjdk.hotspot.jre.full.win32.x86_64_17.0.3.v20220515-1416\jre\bin\jli.dll
0x00007ffa612d0000 - 0x00007ffa612e9000 	C:\Users\ADMIN\Downloads\SpringToolSuite\sts-4.15.1.RELEASE\plugins\org.eclipse.justj.openjdk.hotspot.jre.full.win32.x86_64_17.0.3.v20220515-1416\jre\bin\VCRUNTIME140.dll
0x00007ffa67610000 - 0x00007ffa677b0000 	C:\WINDOWS\System32\USER32.dll
0x00007ffa66100000 - 0x00007ffa66122000 	C:\WINDOWS\System32\win32u.dll
0x00007ffa50f80000 - 0x00007ffa5121a000 	C:\WINDOWS\WinSxS\amd64_microsoft.windows.common-controls_6595b64144ccf1df_6.0.19041.1110_none_60b5254171f9507e\COMCTL32.dll
0x00007ffa68440000 - 0x00007ffa6846a000 	C:\WINDOWS\System32\GDI32.dll
0x00007ffa65ff0000 - 0x00007ffa660fb000 	C:\WINDOWS\System32\gdi32full.dll
0x00007ffa67d20000 - 0x00007ffa67dbe000 	C:\WINDOWS\System32\msvcrt.dll
0x00007ffa66470000 - 0x00007ffa6650d000 	C:\WINDOWS\System32\msvcp_win.dll
0x00007ffa67bb0000 - 0x00007ffa67be0000 	C:\WINDOWS\System32\IMM32.DLL
0x00007ffa35750000 - 0x00007ffa3575c000 	C:\Users\ADMIN\Downloads\SpringToolSuite\sts-4.15.1.RELEASE\plugins\org.eclipse.justj.openjdk.hotspot.jre.full.win32.x86_64_17.0.3.v20220515-1416\jre\bin\vcruntime140_1.dll
0x00007ff9cdbe0000 - 0x00007ff9cdc71000 	C:\Users\ADMIN\Downloads\SpringToolSuite\sts-4.15.1.RELEASE\plugins\org.eclipse.justj.openjdk.hotspot.jre.full.win32.x86_64_17.0.3.v20220515-1416\jre\bin\msvcp140.dll
0x00007ff9d41e0000 - 0x00007ff9d4e28000 	C:\Users\ADMIN\Downloads\SpringToolSuite\sts-4.15.1.RELEASE\plugins\org.eclipse.justj.openjdk.hotspot.jre.full.win32.x86_64_17.0.3.v20220515-1416\jre\bin\server\jvm.dll
0x00007ffa679a0000 - 0x00007ffa67a4e000 	C:\WINDOWS\System32\ADVAPI32.dll
0x00007ffa677b0000 - 0x00007ffa6784c000 	C:\WINDOWS\System32\sechost.dll
0x00007ffa67130000 - 0x00007ffa67255000 	C:\WINDOWS\System32\RPCRT4.dll
0x00007ffa67a70000 - 0x00007ffa67a78000 	C:\WINDOWS\System32\PSAPI.DLL
0x00007ffa5a8e0000 - 0x00007ffa5a8e9000 	C:\WINDOWS\SYSTEM32\WSOCK32.dll
0x00007ffa5fdd0000 - 0x00007ffa5fdda000 	C:\WINDOWS\SYSTEM32\VERSION.dll
0x00007ffa582c0000 - 0x00007ffa582e7000 	C:\WINDOWS\SYSTEM32\WINMM.dll
0x00007ffa67930000 - 0x00007ffa6799b000 	C:\WINDOWS\System32\WS2_32.dll
0x00007ffa63ab0000 - 0x00007ffa63ac2000 	C:\WINDOWS\SYSTEM32\kernel.appcore.dll
0x00007ffa2a590000 - 0x00007ffa2a59a000 	C:\Users\ADMIN\Downloads\SpringToolSuite\sts-4.15.1.RELEASE\plugins\org.eclipse.justj.openjdk.hotspot.jre.full.win32.x86_64_17.0.3.v20220515-1416\jre\bin\jimage.dll
0x00007ffa57ed0000 - 0x00007ffa580b4000 	C:\WINDOWS\SYSTEM32\DBGHELP.DLL
0x00007ffa57ad0000 - 0x00007ffa57afc000 	C:\WINDOWS\SYSTEM32\dbgcore.DLL
0x00007ffa66340000 - 0x00007ffa663c2000 	C:\WINDOWS\System32\bcryptPrimitives.dll
0x00007ff9e7120000 - 0x00007ff9e7145000 	C:\Users\ADMIN\Downloads\SpringToolSuite\sts-4.15.1.RELEASE\plugins\org.eclipse.justj.openjdk.hotspot.jre.full.win32.x86_64_17.0.3.v20220515-1416\jre\bin\java.dll
0x00007ff9e9d40000 - 0x00007ff9e9d58000 	C:\Users\ADMIN\Downloads\SpringToolSuite\sts-4.15.1.RELEASE\plugins\org.eclipse.justj.openjdk.hotspot.jre.full.win32.x86_64_17.0.3.v20220515-1416\jre\bin\zip.dll
0x00007ffa669e0000 - 0x00007ffa67124000 	C:\WINDOWS\System32\SHELL32.dll
0x00007ffa63cb0000 - 0x00007ffa64444000 	C:\WINDOWS\SYSTEM32\windows.storage.dll
0x00007ffa680e0000 - 0x00007ffa68434000 	C:\WINDOWS\System32\combase.dll
0x00007ffa65550000 - 0x00007ffa65580000 	C:\WINDOWS\SYSTEM32\Wldp.dll
0x00007ffa67be0000 - 0x00007ffa67c8d000 	C:\WINDOWS\System32\SHCORE.dll
0x00007ffa67ea0000 - 0x00007ffa67ef5000 	C:\WINDOWS\System32\shlwapi.dll
0x00007ffa65b10000 - 0x00007ffa65b2f000 	C:\WINDOWS\SYSTEM32\profapi.dll
0x00007ff9e7090000 - 0x00007ff9e70a9000 	C:\Users\ADMIN\Downloads\SpringToolSuite\sts-4.15.1.RELEASE\plugins\org.eclipse.justj.openjdk.hotspot.jre.full.win32.x86_64_17.0.3.v20220515-1416\jre\bin\net.dll
0x00007ffa5f220000 - 0x00007ffa5f32a000 	C:\WINDOWS\SYSTEM32\WINHTTP.dll
0x00007ffa65260000 - 0x00007ffa652ca000 	C:\WINDOWS\system32\mswsock.dll
0x00007ff9e6d00000 - 0x00007ff9e6d15000 	C:\Users\ADMIN\Downloads\SpringToolSuite\sts-4.15.1.RELEASE\plugins\org.eclipse.justj.openjdk.hotspot.jre.full.win32.x86_64_17.0.3.v20220515-1416\jre\bin\nio.dll
0x00007ffa35740000 - 0x00007ffa35749000 	C:\Users\ADMIN\Downloads\SpringToolSuite\sts-4.15.1.RELEASE\plugins\org.eclipse.justj.openjdk.hotspot.jre.full.win32.x86_64_17.0.3.v20220515-1416\jre\bin\management.dll
0x00007ffa35730000 - 0x00007ffa3573b000 	C:\Users\ADMIN\Downloads\SpringToolSuite\sts-4.15.1.RELEASE\plugins\org.eclipse.justj.openjdk.hotspot.jre.full.win32.x86_64_17.0.3.v20220515-1416\jre\bin\management_ext.dll
0x00007ffa3f360000 - 0x00007ffa3f377000 	C:\WINDOWS\system32\napinsp.dll
0x00007ffa3f340000 - 0x00007ffa3f35b000 	C:\WINDOWS\system32\pnrpnsp.dll
0x00007ffa615d0000 - 0x00007ffa615ed000 	C:\WINDOWS\system32\NLAapi.dll
0x00007ffa64f70000 - 0x00007ffa64fab000 	C:\WINDOWS\SYSTEM32\IPHLPAPI.DLL
0x00007ffa3f320000 - 0x00007ffa3f335000 	C:\WINDOWS\system32\wshbth.dll
0x00007ffa64fb0000 - 0x00007ffa6507a000 	C:\WINDOWS\SYSTEM32\DNSAPI.dll
0x00007ffa67260000 - 0x00007ffa67268000 	C:\WINDOWS\System32\NSI.dll
0x00007ffa3f2f0000 - 0x00007ffa3f302000 	C:\WINDOWS\System32\winrnr.dll
0x00007ffa5eb20000 - 0x00007ffa5eb2a000 	C:\Windows\System32\rasadhlp.dll
0x00007ffa5e900000 - 0x00007ffa5e980000 	C:\WINDOWS\System32\fwpuclnt.dll
0x00007ffa66440000 - 0x00007ffa66467000 	C:\WINDOWS\System32\bcrypt.dll
0x00007ffa65590000 - 0x00007ffa655a8000 	C:\WINDOWS\SYSTEM32\CRYPTSP.dll
0x00007ffa64c00000 - 0x00007ffa64c34000 	C:\WINDOWS\system32\rsaenh.dll
0x00007ffa65ad0000 - 0x00007ffa65afe000 	C:\WINDOWS\SYSTEM32\USERENV.dll
0x00007ffa65450000 - 0x00007ffa6545c000 	C:\WINDOWS\SYSTEM32\CRYPTBASE.dll
0x00007ffa5feb0000 - 0x00007ffa5fec7000 	C:\WINDOWS\SYSTEM32\dhcpcsvc6.DLL
0x00007ffa5fe90000 - 0x00007ffa5fead000 	C:\WINDOWS\SYSTEM32\dhcpcsvc.DLL
0x00007ffa292b0000 - 0x00007ffa292c0000 	C:\Users\ADMIN\Downloads\SpringToolSuite\sts-4.15.1.RELEASE\plugins\org.eclipse.justj.openjdk.hotspot.jre.full.win32.x86_64_17.0.3.v20220515-1416\jre\bin\verify.dll

dbghelp: loaded successfully - version: 4.0.5 - missing functions: none
symbol engine: initialized successfully - sym options: 0x614 - pdb path: .;C:\Users\ADMIN\Downloads\SpringToolSuite\sts-4.15.1.RELEASE\plugins\org.eclipse.justj.openjdk.hotspot.jre.full.win32.x86_64_17.0.3.v20220515-1416\jre\bin;C:\WINDOWS\SYSTEM32;C:\WINDOWS\WinSxS\amd64_microsoft.windows.common-controls_6595b64144ccf1df_6.0.19041.1110_none_60b5254171f9507e;C:\Users\ADMIN\Downloads\SpringToolSuite\sts-4.15.1.RELEASE\plugins\org.eclipse.justj.openjdk.hotspot.jre.full.win32.x86_64_17.0.3.v20220515-1416\jre\bin\server

VM Arguments:
jvm_args: -Dcom.sun.management.jmxremote -Dcom.sun.management.jmxremote.port=58581 -Dcom.sun.management.jmxremote.authenticate=false -Dcom.sun.management.jmxremote.ssl=false -Djava.rmi.server.hostname=localhost -Dspring.jmx.enabled=true -Dspring.application.admin.enabled=true -XX:TieredStopAtLevel=1 -Dspring.boot.project.name=BackEnd -Dfile.encoding=UTF-8 -XX:+ShowCodeDetailsInExceptionMessages 
java_command: com.a2m.gen.BankJavaApplication --spring.output.ansi.enabled=always
java_class_path (initial): D:\data-gen-webapp\BackEnd\target\classes;C:\Users\ADMIN\.m2\repository\org\springframework\boot\spring-boot-starter-data-rest\2.4.0\spring-boot-starter-data-rest-2.4.0.jar;C:\Users\ADMIN\.m2\repository\org\springframework\data\spring-data-rest-webmvc\3.4.1\spring-data-rest-webmvc-3.4.1.jar;C:\Users\ADMIN\.m2\repository\org\springframework\data\spring-data-rest-core\3.4.1\spring-data-rest-core-3.4.1.jar;C:\Users\ADMIN\.m2\repository\org\springframework\hateoas\spring-hateoas\1.2.1\spring-hateoas-1.2.1.jar;C:\Users\ADMIN\.m2\repository\org\springframework\plugin\spring-plugin-core\2.0.0.RELEASE\spring-plugin-core-2.0.0.RELEASE.jar;C:\Users\ADMIN\.m2\repository\org\atteo\evo-inflector\1.2.2\evo-inflector-1.2.2.jar;C:\Users\ADMIN\.m2\repository\com\fasterxml\jackson\core\jackson-annotations\2.11.3\jackson-annotations-2.11.3.jar;C:\Users\ADMIN\.m2\repository\org\slf4j\slf4j-api\1.7.30\slf4j-api-1.7.30.jar;C:\Users\ADMIN\.m2\repository\org\springframework\boot\spring-boot-starter-web\2.4.0\spring-boot-starter-web-2.4.0.jar;C:\Users\ADMIN\.m2\repository\org\springframework\boot\spring-boot-starter\2.4.0\spring-boot-starter-2.4.0.jar;C:\Users\ADMIN\.m2\repository\org\springframework\boot\spring-boot-starter-logging\2.4.0\spring-boot-starter-logging-2.4.0.jar;C:\Users\ADMIN\.m2\repository\ch\qos\logback\logback-classic\1.2.3\logback-classic-1.2.3.jar;C:\Users\ADMIN\.m2\repository\ch\qos\logback\logback-core\1.2.3\logback-core-1.2.3.jar;C:\Users\ADMIN\.m2\repository\org\apache\logging\log4j\log4j-to-slf4j\2.13.3\log4j-to-slf4j-2.13.3.jar;C:\Users\ADMIN\.m2\repository\org\apache\logging\log4j\log4j-api\2.13.3\log4j-api-2.13.3.jar;C:\Users\ADMIN\.m2\repository\org\slf4j\jul-to-slf4j\1.7.30\jul-to-slf4j-1.7.30.jar;C:\Users\ADMIN\.m2\repository\jakarta\annotation\jakarta.annotation-api\1.3.5\jakarta.annotation-api-1.3.5.jar;C:\Users\ADMIN\.m2\repository\org\yaml\snakeyaml\1.27\snakeyaml-1.27.jar;C:\Users\ADMIN\.m2\repository\org\springframework\boot\
Launcher Type: SUN_STANDARD

[Global flags]
     intx CICompilerCount                          = 4                                         {product} {ergonomic}
     uint ConcGCThreads                            = 3                                         {product} {ergonomic}
     uint G1ConcRefinementThreads                  = 10                                        {product} {ergonomic}
   size_t G1HeapRegionSize                         = 2097152                                   {product} {ergonomic}
    uintx GCDrainStackTargetSize                   = 64                                        {product} {ergonomic}
   size_t InitialHeapSize                          = 266338304                                 {product} {ergonomic}
     bool ManagementServer                         = true                                      {product} {command line}
   size_t MarkStackSize                            = 4194304                                   {product} {ergonomic}
   size_t MaxHeapSize                              = 4261412864                                {product} {ergonomic}
   size_t MaxNewSize                               = 2556428288                                {product} {ergonomic}
   size_t MinHeapDeltaBytes                        = 2097152                                   {product} {ergonomic}
   size_t MinHeapSize                              = 8388608                                   {product} {ergonomic}
    uintx NonProfiledCodeHeapSize                  = 0                                      {pd product} {ergonomic}
     bool ProfileInterpreter                       = false                                  {pd product} {command line}
    uintx ProfiledCodeHeapSize                     = 0                                      {pd product} {ergonomic}
     bool ShowCodeDetailsInExceptionMessages       = true                                   {manageable} {command line}
   size_t SoftMaxHeapSize                          = 4261412864                             {manageable} {ergonomic}
     intx TieredStopAtLevel                        = 1                                         {product} {command line}
     bool UseCompressedClassPointers               = true                           {product lp64_product} {ergonomic}
     bool UseCompressedOops                        = true                           {product lp64_product} {ergonomic}
     bool UseG1GC                                  = true                                      {product} {ergonomic}
     bool UseLargePagesIndividualAllocation        = false                                  {pd product} {ergonomic}

Logging:
Log output configuration:
 #0: stdout all=warning uptime,level,tags
 #1: stderr all=off uptime,level,tags

Environment Variables:
PATH=C:/Users/ADMIN/Downloads/SpringToolSuite/sts-4.15.1.RELEASE//plugins/org.eclipse.justj.openjdk.hotspot.jre.full.win32.x86_64_17.0.3.v20220515-1416/jre/bin/server;C:/Users/ADMIN/Downloads/SpringToolSuite/sts-4.15.1.RELEASE//plugins/org.eclipse.justj.openjdk.hotspot.jre.full.win32.x86_64_17.0.3.v20220515-1416/jre/bin;C:\Users\ADMIN\Downloads\Oracle\bin;C:\Program Files (x86)\Common Files\Oracle\Java\javapath;C:\WINDOWS\system32;C:\WINDOWS;C:\WINDOWS\System32\Wbem;C:\WINDOWS\System32\WindowsPowerShell\v1.0\;C:\WINDOWS\System32\OpenSSH\;C:\Program Files\Git\cmd;C:\Program Files\PuTTY\;C:\Program Files\Microsoft SQL Server\Client SDK\ODBC\170\Tools\Binn\;C:\Program Files (x86)\Microsoft SQL Server\150\Tools\Binn\;C:\Program Files\Microsoft SQL Server\150\Tools\Binn\;C:\Program Files\Microsoft SQL Server\150\DTS\Binn\;C:\Program Files (x86)\Microsoft SQL Server\150\DTS\Binn\;C:\Program Files\Azure Data Studio\bin;C:\Program Files\MongoDB\Server\6.0\bin;C:\Users\ADMIN\Downloads\mongosh-1.5.4-win32-x64\bin;C:\Program Files\Cloudflare\Cloudflare WARP\;C:\Program Files\Docker\Docker\resources\bin;C:\ProgramData\DockerDesktop\version-bin;C:\Program Files\nodejs\;C:\Users\ADMIN\AppData\Local\Microsoft\WindowsApps;;C:\Users\ADMIN\AppData\Local\Programs\Microsoft VS Code\bin;C:\Program Files\JetBrains\IntelliJ IDEA 2022.1.3\bin;;C:\Program Files\Azure Data Studio\bin;C:\Users\ADMIN\AppData\Roaming\npm;C:\Users\ADMIN\Downloads\SpringToolSuite\sts-4.15.1.RELEASE;
USERNAME=ADMIN
OS=Windows_NT
PROCESSOR_IDENTIFIER=Intel64 Family 6 Model 158 Stepping 10, GenuineIntel



---------------  S Y S T E M  ---------------

OS:
 Windows 10 , 64 bit Build 19041 (10.0.19041.1889)
OS uptime: 3 days 6:15 hours
Hyper-V role detected

CPU: total 12 (initial active 12) (6 cores per cpu, 2 threads per core) family 6 model 158 stepping 10 microcode 0xca, cx8, cmov, fxsr, ht, mmx, 3dnowpref, sse, sse2, sse3, ssse3, sse4.1, sse4.2, popcnt, lzcnt, tsc, tscinvbit, avx, avx2, aes, erms, clmul, bmi1, bmi2, rtm, adx, fma, vzeroupper, clflush, clflushopt, hv

Memory: 4k page, system-wide physical 16254M (917M free)
TotalPageFile size 29727M (AvailPageFile size 27M)
current process WorkingSet (physical memory assigned to process): 227M, peak: 227M
current process commit charge ("private bytes"): 267M, peak: 369M

vm_info: OpenJDK 64-Bit Server VM (17.0.3+7) for windows-amd64 JRE (17.0.3+7), built on Apr 19 2022 16:55:35 by "" with MS VC++ 16.7 (VS2019)

END.
